19:24:28 INFO  : Registering command handlers for SDK TCF services
19:24:29 INFO  : Launching XSCT server: xsct.bat -interactive G:\prj_vivado\yolov3\yolov3.sdk\temp_xsdb_launch_script.tcl
19:24:32 INFO  : XSCT server has started successfully.
19:24:35 INFO  : Successfully done setting XSCT server connection channel  
19:24:35 INFO  : Processing command line option -hwspec G:/prj_vivado/yolov3/yolov3.sdk/yolo_sys_wrapper.hdf.
19:24:35 INFO  : Successfully done setting SDK workspace  
19:40:56 INFO  : Connected to target on host '127.0.0.1' and port '3121'.
19:40:58 INFO  : Jtag cable 'Digilent Zybo Z7 210351A6B4ADA' is selected.
19:40:58 INFO  : 'jtag frequency' command is executed.
19:40:58 INFO  : Sourcing of 'G:/prj_vivado/yolov3/yolov3.sdk/yolo_sys_wrapper_hw_platform_0/ps7_init.tcl' is done.
19:40:59 INFO  : 'targets -set -filter {jtag_cable_name =~ "Digilent Zybo Z7 210351A6B4ADA" && level==0} -index 1' command is executed.
19:41:02 INFO  : FPGA configured successfully with bitstream "G:/prj_vivado/yolov3/yolov3.sdk/yolo_sys_wrapper_hw_platform_0/yolo_sys_wrapper.bit"
19:41:03 INFO  : Context for 'APU' is selected.
19:41:03 INFO  : Hardware design information is loaded from 'G:/prj_vivado/yolov3/yolov3.sdk/yolo_sys_wrapper_hw_platform_0/system.hdf'.
19:41:03 INFO  : 'configparams force-mem-access 1' command is executed.
19:41:03 INFO  : Context for 'APU' is selected.
19:41:03 INFO  : 'stop' command is executed.
19:41:04 INFO  : 'ps7_init' command is executed.
19:41:04 INFO  : 'ps7_post_config' command is executed.
19:41:04 INFO  : Context for processor 'ps7_cortexa9_0' is selected.
19:41:04 INFO  : Processor reset is completed for 'ps7_cortexa9_0'.
19:41:04 INFO  : Context for processor 'ps7_cortexa9_0' is selected.
19:41:05 INFO  : The application 'G:/prj_vivado/yolov3/yolov3.sdk/yolov2_coco/Debug/yolov2_coco.elf' is downloaded to processor 'ps7_cortexa9_0'.
19:41:05 INFO  : 'configparams force-mem-access 0' command is executed.
19:41:05 INFO  : ----------------XSDB Script----------------
connect -url tcp:127.0.0.1:3121
source G:/prj_vivado/yolov3/yolov3.sdk/yolo_sys_wrapper_hw_platform_0/ps7_init.tcl
targets -set -filter {jtag_cable_name =~ "Digilent Zybo Z7 210351A6B4ADA" && level==0} -index 1
fpga -file G:/prj_vivado/yolov3/yolov3.sdk/yolo_sys_wrapper_hw_platform_0/yolo_sys_wrapper.bit
targets -set -nocase -filter {name =~"APU*" && jtag_cable_name =~ "Digilent Zybo Z7 210351A6B4ADA"} -index 0
loadhw -hw G:/prj_vivado/yolov3/yolov3.sdk/yolo_sys_wrapper_hw_platform_0/system.hdf -mem-ranges [list {0x40000000 0xbfffffff}]
configparams force-mem-access 1
targets -set -nocase -filter {name =~"APU*" && jtag_cable_name =~ "Digilent Zybo Z7 210351A6B4ADA"} -index 0
stop
ps7_init
ps7_post_config
targets -set -nocase -filter {name =~ "ARM*#0" && jtag_cable_name =~ "Digilent Zybo Z7 210351A6B4ADA"} -index 0
rst -processor
targets -set -nocase -filter {name =~ "ARM*#0" && jtag_cable_name =~ "Digilent Zybo Z7 210351A6B4ADA"} -index 0
dow G:/prj_vivado/yolov3/yolov3.sdk/yolov2_coco/Debug/yolov2_coco.elf
configparams force-mem-access 0
----------------End of Script----------------

19:41:05 INFO  : Context for processor 'ps7_cortexa9_0' is selected.
19:41:05 INFO  : 'con' command is executed.
19:41:05 INFO  : ----------------XSDB Script (After Launch)----------------
targets -set -nocase -filter {name =~ "ARM*#0" && jtag_cable_name =~ "Digilent Zybo Z7 210351A6B4ADA"} -index 0
con
----------------End of Script----------------

19:41:05 INFO  : Disconnected from the channel tcfchan#1.
19:41:58 INFO  : 'targets -set -filter {jtag_cable_name =~ "Digilent Zybo Z7 210351A6B4ADA" && level==0} -index 1' command is executed.
19:41:58 INFO  : 'fpga -state' command is executed.
19:41:58 INFO  : Connected to target on host '127.0.0.1' and port '3121'.
19:41:58 INFO  : Jtag cable 'Digilent Zybo Z7 210351A6B4ADA' is selected.
19:41:58 INFO  : 'jtag frequency' command is executed.
19:41:58 INFO  : Sourcing of 'G:/prj_vivado/yolov3/yolov3.sdk/yolo_sys_wrapper_hw_platform_0/ps7_init.tcl' is done.
19:41:58 INFO  : Context for 'APU' is selected.
19:42:01 INFO  : Hardware design information is loaded from 'G:/prj_vivado/yolov3/yolov3.sdk/yolo_sys_wrapper_hw_platform_0/system.hdf'.
19:42:01 INFO  : 'configparams force-mem-access 1' command is executed.
19:42:01 INFO  : Context for 'APU' is selected.
19:42:01 INFO  : 'stop' command is executed.
19:42:01 INFO  : 'ps7_init' command is executed.
19:42:01 INFO  : 'ps7_post_config' command is executed.
19:42:01 INFO  : Context for processor 'ps7_cortexa9_0' is selected.
19:42:01 INFO  : Processor reset is completed for 'ps7_cortexa9_0'.
19:42:01 INFO  : Context for processor 'ps7_cortexa9_0' is selected.
19:42:01 INFO  : The application 'G:/prj_vivado/yolov3/yolov3.sdk/yolov2_coco/Debug/yolov2_coco.elf' is downloaded to processor 'ps7_cortexa9_0'.
19:42:01 INFO  : 'configparams force-mem-access 0' command is executed.
19:42:01 INFO  : ----------------XSDB Script----------------
connect -url tcp:127.0.0.1:3121
source G:/prj_vivado/yolov3/yolov3.sdk/yolo_sys_wrapper_hw_platform_0/ps7_init.tcl
targets -set -nocase -filter {name =~"APU*" && jtag_cable_name =~ "Digilent Zybo Z7 210351A6B4ADA"} -index 0
loadhw -hw G:/prj_vivado/yolov3/yolov3.sdk/yolo_sys_wrapper_hw_platform_0/system.hdf -mem-ranges [list {0x40000000 0xbfffffff}]
configparams force-mem-access 1
targets -set -nocase -filter {name =~"APU*" && jtag_cable_name =~ "Digilent Zybo Z7 210351A6B4ADA"} -index 0
stop
ps7_init
ps7_post_config
targets -set -nocase -filter {name =~ "ARM*#0" && jtag_cable_name =~ "Digilent Zybo Z7 210351A6B4ADA"} -index 0
rst -processor
targets -set -nocase -filter {name =~ "ARM*#0" && jtag_cable_name =~ "Digilent Zybo Z7 210351A6B4ADA"} -index 0
dow G:/prj_vivado/yolov3/yolov3.sdk/yolov2_coco/Debug/yolov2_coco.elf
configparams force-mem-access 0
----------------End of Script----------------

19:42:01 INFO  : Context for processor 'ps7_cortexa9_0' is selected.
19:42:01 INFO  : 'con' command is executed.
19:42:01 INFO  : ----------------XSDB Script (After Launch)----------------
targets -set -nocase -filter {name =~ "ARM*#0" && jtag_cable_name =~ "Digilent Zybo Z7 210351A6B4ADA"} -index 0
con
----------------End of Script----------------

19:42:01 INFO  : Disconnected from the channel tcfchan#2.
16:10:47 INFO  : Registering command handlers for SDK TCF services
16:10:48 INFO  : Launching XSCT server: xsct.bat -interactive F:\C_plus_prj\yolo3_sdk\YOLOv3_xilinx_SDK\temp_xsdb_launch_script.tcl
16:10:52 INFO  : XSCT server has started successfully.
16:10:54 INFO  : Successfully done setting XSCT server connection channel  
16:10:54 INFO  : Successfully done setting SDK workspace  
16:55:31 INFO  : Registering command handlers for SDK TCF services
16:55:32 INFO  : Launching XSCT server: xsct.bat -interactive F:\C_plus_prj\yolo3_sdk\YOLOv3_xilinx_SDK\temp_xsdb_launch_script.tcl
16:55:35 INFO  : XSCT server has started successfully.
16:55:35 INFO  : Successfully done setting XSCT server connection channel  
16:55:35 INFO  : Successfully done setting SDK workspace  
16:57:54 ERROR : (XSDB Server)ERROR: [Hsi 55-1594] Core cpu_cortexa9 of version 
16:57:54 ERROR : (XSDB Server)2.7 not found in repositories
ERROR: [Hsi 55-1594] Core dmaps of version 2.4 not found in repositories
ERROR: [Hsi 55-1594] Core dmaps of version 2.4 not found in repositories
ERROR: [Hsi 55-1594] Core emacps of version 3.8 not found in repositories
ERROR: [Hsi 55-1594] Core gpiops of version 3.4 not found in repositories
ERROR: [Hsi 55-1594] Core qspips of version 3.5 not found in repositories
ERROR: [Hsi 55-1594] Core scugic of version 3.10 not found in repositories
ERROR: [Hsi 55-1594] Core sdps of version 3.6 not found in repositories
ERROR: [Hsi 55-1594] Core uartps of version 3.7 not found in 
16:57:54 ERROR : (XSDB Server)repositories
ERROR: [Hsi 55-1594] Core xadcps of version 2.3 not found in repositories

16:57:54 ERROR : (XSDB Server)ERROR: [Hsi 55-1594] Core standalone o
16:57:54 ERROR : (XSDB Server)f version 6.8 not found in repositories

16:57:54 ERROR : (XSDB Server)ERROR: [Hsi 55-1452] Error:
16:57:54 ERROR : (XSDB Server) running open_sw_design.

16:57:54 ERROR :  [Common 17-39] 'hsi::open_sw_design' failed due to earlier errors.
16:57:54 ERROR : (XSDB Server)ERROR: [Hsi 55-1594] Core cpu_cortexa9 of version 2.7 not found in repositories

16:57:54 ERROR : (XSDB Server)ERROR: [Hsi 55-1594] Core dmaps of ver
16:57:54 ERROR : (XSDB Server)sion 2.4 not found in repositories

16:57:54 ERROR : (XSDB Server)ERROR: [Hsi 55-
16:57:54 ERROR : (XSDB Server)1594] Core dmaps of version 2.4 not found in repositories

16:57:54 ERROR : (XSDB Server)ERROR: [Hsi 55-1594] Core e
16:57:54 ERROR : (XSDB Server)macps of ver
16:57:54 ERROR : (XSDB Server)sion 3.8 not found in 
16:57:54 ERROR : (XSDB Server)repositories

16:57:54 ERROR : (XSDB Server)ERROR: [Hsi 55-1594] Core gpiops of version 3.4 not found in repositories
ERROR: [Hsi 55-1594] Core qspips of version 3.5 not found in repositories
ERROR: [Hsi 55-1594] Core scugic of version 3.10 not found in repositories
ERROR: [Hsi 55-1594] Core sdps of version 3.6 not found in repositories
ERROR: [Hsi 55-1594] Core uartps of version 3.7 not
16:57:54 ERROR : (XSDB Server) found in repositories

16:57:54 ERROR : (XSDB Server)ERROR: [Hsi 55-1594] Core xadcps of vers
16:57:54 ERROR : (XSDB Server)ion 2.3 not foun
16:57:54 ERROR : (XSDB Server)d in repositories

16:57:54 ERROR : (XSDB Server)ERROR: [Hsi 
16:57:54 ERROR : (XSDB Server)55-1594] Core standalon
16:57:54 ERROR : (XSDB Server)e of version 6.8 n
16:57:54 ERROR : (XSDB Server)ot found in repositories

16:57:54 ERROR : (XSDB Server)ERROR: [Hsi
16:57:54 ERROR : (XSDB Server) 55-1452] Error: running open
16:57:54 ERROR : (XSDB Server)_sw_design.

16:57:54 INFO  : Unable to read in MSS file F:\C_plus_prj\yolo3_sdk\YOLOv3_xilinx_SDK\yolov2_coco_bsp\system.mss : null
16:57:54 ERROR : Failed to closesw "F:/C_plus_prj/yolo3_sdk/YOLOv3_xilinx_SDK/yolov2_coco_bsp/system.mss"
Reason: Cannot close sw design 'F:/C_plus_prj/yolo3_sdk/YOLOv3_xilinx_SDK/yolov2_coco_bsp/system.mss'.
Design is not opened in the current session.


17:00:59 ERROR : (XSDB Server)ERROR: [Hsi 55-1594]
17:00:59 ERROR : (XSDB Server) Core cpu_cortexa9 of version 2.7 not found in repositories
ERROR: [Hsi 55-1594] Core dmaps of version 2.4 not found in repositories
ERROR: [Hsi 55-1594] Core dmaps of version 2.4 not found in repositories
ERROR: [Hsi 55-1594] Core emacps of version 3.8 not found in repositories
ERROR: [Hsi 55-1594] Core gpiops of version 3.4 not found in repositories
ERROR: [Hsi 55-1594] Core qspips of version 3.5 not found in repositories
ERROR: [Hsi 55-1594] Core scugic of version 3.10 not found in repositories
ERROR: [Hsi 55-1594] Core sdps of version 3.6 not found in repositories
ERROR: [Hsi
17:00:59 ERROR : (XSDB Server) 55-1594] Core uartps of version 3.7 not found in repositories

17:00:59 ERROR : (XSDB Server)ERROR: [Hsi 55-1594] Core xadcps of ve
17:00:59 ERROR : (XSDB Server)rsion 2.3 not found in reposit
17:00:59 ERROR : (XSDB Server)ories

17:00:59 ERROR : (XSDB Server)ERROR: [Hsi 55-1
17:00:59 ERROR : (XSDB Server)594] Core standalone of version 6.8 no
17:00:59 ERROR : (XSDB Server)t found in repositories

17:00:59 ERROR : (XSDB Server)ERROR: [Hs
17:00:59 ERROR : (XSDB Server)i 55-1452] Error: running open_sw_design.

17:00:59 ERROR :  [Common 17-39] 'hsi::open_sw_design' failed due to earlier errors.
17:00:59 ERROR : (XSDB Server)ERROR: [Hsi 55-1594]
17:00:59 ERROR : (XSDB Server) Core cpu_cortexa9 of version 2.7 not found in repositories

17:00:59 ERROR : (XSDB Server)ERROR: [Hsi 55-1594] Core d
17:00:59 ERROR : (XSDB Server)maps of version 2.4 not found in re
17:00:59 ERROR : (XSDB Server)positories

17:00:59 ERROR : (XSDB Server)ERROR: [Hsi 55-15
17:00:59 ERROR : (XSDB Server)94] Core dmaps of version 
17:00:59 ERROR : (XSDB Server)2.4 n
17:00:59 ERROR : (XSDB Server)ot found in reposit
17:00:59 ERROR : (XSDB Server)ories

17:00:59 ERROR : (XSDB Server)E
17:00:59 ERROR : (XSDB Server)RROR: [Hsi 55-1594] Co
17:00:59 ERROR : (XSDB Server)re emacps o
17:00:59 ERROR : (XSDB Server)f version 3.8 not found in repositories

17:00:59 ERROR : (XSDB Server)ERROR: [Hsi 55-1594] Co
17:00:59 ERROR : (XSDB Server)re gpiops of version 3.4 not found
17:00:59 ERROR : (XSDB Server) in repositories

17:00:59 ERROR : (XSDB Server)ERROR: [Hsi 55-15
17:00:59 ERROR : (XSDB Server)94] Core qspips of version 3.5 not found in rep
17:00:59 ERROR : (XSDB Server)ositories

17:00:59 ERROR : (XSDB Server)ERROR: [Hsi 55-1
17:00:59 ERROR : (XSDB Server)594] Core scugic of 
17:00:59 ERROR : (XSDB Server)version 3.1
17:00:59 ERROR : (XSDB Server)0 not found in reposit
17:00:59 ERROR : (XSDB Server)ories

17:00:59 ERROR : (XSDB Server)ERROR: [Hsi 55-
17:00:59 ERROR : (XSDB Server)1594] Core sdps of version 3.6 not 
17:00:59 ERROR : (XSDB Server)found in repositories

17:00:59 ERROR : (XSDB Server)ERROR: [Hsi 55-1
17:00:59 ERROR : (XSDB Server)594] Core uartps of version 3.7 not found in repositories

17:00:59 ERROR : (XSDB Server)ERROR: [Hsi 55-1594] 
17:00:59 ERROR : (XSDB Server)Core xadcps of version 2.3 not found in reposi
17:00:59 ERROR : (XSDB Server)tories

17:00:59 ERROR : (XSDB Server)ERROR: [Hsi
17:00:59 ERROR : (XSDB Server) 55-1594] Core standalone of ver
17:00:59 ERROR : (XSDB Server)sion 6.8 not found in repo
17:00:59 ERROR : (XSDB Server)sitories

17:00:59 ERROR : (XSDB Server)ERROR: [Hsi 55-1452] Err
17:00:59 ERROR : (XSDB Server)or: running open_sw_design.

17:00:59 INFO  : Unable to read in MSS file F:\C_plus_prj\yolo3_sdk\YOLOv3_xilinx_SDK\yolov2_coco_bsp\system.mss : null
17:00:59 ERROR : (XSDB Server)ERROR: [Hsi 55-1594] Core cpu_cortexa9 of version 2.7 not found in repositories
ERROR: [Hsi 55-1594] Core dmaps of version 2.4 not found in repositories
ERROR: [Hsi 55-1594] Core dmaps of version 2.4 not found in repositories
ERROR: [Hsi 55-1594] Core emacps of version 3.8 not found in repositories
ERROR: [Hsi 55-1594] Core gpiops of version 3.4 not found in repositories
ERROR: [Hsi 55-1594] Core qspips of version 3.5 not found in repositories
ERROR: [Hsi 55-1594] Core scugic of version 3.1
17:00:59 ERROR : (XSDB Server)0 not found in repositories
ERROR: [Hsi 55-1594] Core sdps of version 3.6 not found in repositories
ERROR: [Hsi 55-1594] Core
17:00:59 ERROR : (XSDB Server) uartps of version 3.7 not found in repositorie
17:00:59 ERROR : (XSDB Server)s

17:00:59 ERROR : (XSDB Server)ERROR:
17:00:59 ERROR : (XSDB Server) [Hsi 55-1594] 
17:00:59 ERROR : (XSDB Server)Core xadcps 
17:00:59 ERROR : (XSDB Server)of version 2.3 not fou
17:00:59 ERROR : (XSDB Server)nd in repositories

17:00:59 ERROR : (XSDB Server)ERROR: [Hsi 55-1594] Core standalone of versi
17:00:59 ERROR : (XSDB Server)on 6.8 no
17:00:59 ERROR : (XSDB Server)t
17:00:59 ERROR : (XSDB Server) found in repositories

17:00:59 ERROR : (XSDB Server)E
17:00:59 ERROR : (XSDB Server)R
17:00:59 ERROR : (XSDB Server)ROR: [Hsi 55-1452] 
17:00:59 ERROR : (XSDB Server)Error: running 
17:00:59 ERROR : (XSDB Server)open_sw_design.

17:00:59 ERROR : (XSDB Server)ERROR: [Hsi 55
17:00:59 ERROR : (XSDB Server)-1594] Core cpu_cortexa9 of version 2.7 not found in repositories

17:00:59 ERROR : (XSDB Server)ERROR: [Hsi 55-1594] Core dmaps of version 2.4 not found in repositories

17:00:59 ERROR : (XSDB Server)ERROR: [Hsi 55-1594] Core 
17:00:59 ERROR : (XSDB Server)dmaps of versi
17:00:59 ERROR : (XSDB Server)on 2.4 not found in repositories

17:00:59 ERROR : (XSDB Server)ERROR: [Hsi 55-1594] Core emacps of version 3.
17:00:59 ERROR : (XSDB Server)8 not fou
17:00:59 ERROR : (XSDB Server)nd in repositories

17:00:59 ERROR : (XSDB Server)ERROR: [Hsi 55-1594] C
17:00:59 ERROR : (XSDB Server)ore gpiops of version 
17:00:59 ERROR : (XSDB Server)3.4 not found 
17:00:59 ERROR : (XSDB Server)in reposito
17:00:59 ERROR : (XSDB Server)r
17:00:59 ERROR : (XSDB Server)i
17:00:59 ERROR : (XSDB Server)e
17:00:59 ERROR : (XSDB Server)s
17:00:59 ERROR : (XSDB Server)

17:00:59 ERROR : (XSDB Server)ERROR: [Hsi 55-159
17:00:59 ERROR : (XSDB Server)4] Core qspips of version 3.5 not found in repositories

17:00:59 ERROR : (XSDB Server)ERROR: [Hsi 55-
17:00:59 ERROR : (XSDB Server)1594] Core scu
17:00:59 ERROR : (XSDB Server)gic of version 3.10 not found in reposi
17:00:59 ERROR : (XSDB Server)tories

17:00:59 ERROR : (XSDB Server)ERROR: [H
17:00:59 ERROR : (XSDB Server)si 55-1594] Core sdps of version 3.6 not found in repositories

17:00:59 ERROR : (XSDB Server)ERROR: [Hsi 55-1594] Core
17:00:59 ERROR : (XSDB Server) uartps of version
17:00:59 ERROR : (XSDB Server) 3.7 not foun
17:00:59 ERROR : (XSDB Server)d in repositorie
17:00:59 ERROR : (XSDB Server)s

17:00:59 ERROR : (XSDB Server)ERROR: [Hsi 55-1594] 
17:00:59 ERROR : (XSDB Server)Core xadcps of version 2.3 not found in reposito
17:00:59 ERROR : (XSDB Server)ries

17:00:59 ERROR : (XSDB Server)ERROR: [Hsi 55-1594] Core standalone of version 6.8 not found in repositories
ERROR: [Hsi 55-1452] Error: running open_sw_design.

17:01:00 ERROR : (XSDB Server)ERROR: [Hsi 55-1594] Core cpu_cortexa9 o
17:01:00 ERROR : (XSDB Server)f version 2.7 not found in repositories
ERROR: [Hsi 55-1594] Core dmaps of version 2.4 not found in repositories
ERROR: [Hsi 55-1594] Core dmaps of version 2.4 not found in repositories
ERROR: [Hsi 55-1594] Core emacps of version 3.8 not found in repositories
ERROR: [Hsi 55-1594] Core gpiops of version 3.4 not found in repositories
ERROR: [Hsi 55-1594] Core qspips of version 3.5 not found in repositories
ERROR: [Hsi 55-1594] Core scugic of version 3.10 not found in repositories
ERROR: [Hsi 55-1594] Core sdps of version 3.6 not found in repositories
ERROR: [Hsi 55-1594] Core uartps of version 3.7 not found in repositories
ERROR: [Hsi 55-15
17:01:00 ERROR : (XSDB Server)94] Core xadcps of version 2.3 not found in repositories

17:01:00 ERROR : (XSDB Server)ERROR: [Hsi 55-1
17:01:00 ERROR : (XSDB Server)594] Core standalone of ver
17:01:00 ERROR : (XSDB Server)sion 6.8 not found in repositories

17:01:00 ERROR : (XSDB Server)ERROR: [
17:01:00 ERROR : (XSDB Server)Hsi 55-1452] Error: running
17:01:00 ERROR : (XSDB Server) open_sw_design.
17:01:00 ERROR : (XSDB Server)

17:01:00 ERROR :  [Common 17-39] 'hsi::open_sw_design' failed due to earlier errors.
17:01:00 ERROR : (XSDB Server)ERROR: [Hsi 55-15
17:01:00 ERROR : (XSDB Server)94] Core cpu_cortexa9 of version 2.7 not found in repositories

17:01:00 ERROR : (XSDB Server)ERROR: [Hsi 55-1
17:01:00 ERROR : (XSDB Server)594] Core dmaps of version 2.4
17:01:00 ERROR : (XSDB Server) 
17:01:00 ERROR : (XSDB Server)n
17:01:00 ERROR : (XSDB Server)ot 
17:01:00 ERROR : (XSDB Server)f
17:01:00 ERROR : (XSDB Server)ound
17:01:00 ERROR : (XSDB Server) 
17:01:00 ERROR : (XSDB Server)in repositories
17:01:00 ERROR : (XSDB Server)

17:01:00 ERROR : (XSDB Server)ERROR: [Hsi 55-1594] Core dmaps
17:01:00 ERROR : (XSDB Server) of version 2.4 not foun
17:01:00 ERROR : (XSDB Server)d in r
17:01:00 ERROR : (XSDB Server)ep
17:01:00 ERROR : (XSDB Server)ositories

17:01:00 ERROR : (XSDB Server)ERROR: [Hsi 55-1594] Core emacps of version 3.8 not found in repositories

17:01:00 ERROR : (XSDB Server)ERROR: [Hsi 
17:01:00 ERROR : (XSDB Server)55-1594] Core gpiops of version 3.4 not found in reposit
17:01:00 ERROR : (XSDB Server)ories

17:01:00 ERROR : (XSDB Server)ERROR: 
17:01:00 ERROR : (XSDB Server)[Hsi 55-1594] Core qspips of version 3.5 not found in repositories

17:01:00 ERROR : (XSDB Server)ERROR: [Hsi 5
17:01:00 ERROR : (XSDB Server)5-1594] Core scugic of version 3.10
17:01:00 ERROR : (XSDB Server) not found in r
17:01:00 ERROR : (XSDB Server)eposito
17:01:00 ERROR : (XSDB Server)ries

17:01:00 ERROR : (XSDB Server)ERROR: [Hsi 55-1594]
17:01:00 ERROR : (XSDB Server) Core sdps of version 3.6 not fou
17:01:00 ERROR : (XSDB Server)nd in repositories

17:01:00 ERROR : (XSDB Server)ERROR: [Hsi 55-1594
17:01:00 ERROR : (XSDB Server)] Core uartps of version 3.7 not found in rep
17:01:00 ERROR : (XSDB Server)ositories

17:01:00 ERROR : (XSDB Server)ERROR: [Hsi 55-1594] Core xadcps of
17:01:00 ERROR : (XSDB Server) version 
17:01:00 ERROR : (XSDB Server)2.3 not fo
17:01:00 ERROR : (XSDB Server)und in re
17:01:00 ERROR : (XSDB Server)positories

17:01:00 ERROR : (XSDB Server)ERROR: [Hsi 
17:01:00 ERROR : (XSDB Server)55-1594] Core standalone of version 6.8 not found in repositories

17:01:00 ERROR : (XSDB Server)ERROR: [Hsi 5
17:01:00 ERROR : (XSDB Server)5-1452] Er
17:01:00 ERROR : (XSDB Server)r
17:01:00 ERROR : (XSDB Server)o
17:01:00 ERROR : (XSDB Server)r
17:01:00 ERROR : (XSDB Server):
17:01:00 ERROR : (XSDB Server) 
17:01:00 ERROR : (XSDB Server)r
17:01:00 ERROR : (XSDB Server)u
17:01:00 ERROR : (XSDB Server)nning open_s
17:01:00 ERROR : (XSDB Server)w_design.

17:01:00 INFO  : Unable to read in MSS file F:\C_plus_prj\yolo3_sdk\YOLOv3_xilinx_SDK\yolov2_coco_bsp\system.mss : null
17:01:00 ERROR : (XSDB Server)ERROR: [Hsi 55-1594] Core cp
17:01:00 ERROR : (XSDB Server)u_cortexa9 of version 2.7 not found in repos
17:01:00 ERROR : (XSDB Server)itories

17:01:00 ERROR : (XSDB Server)ERROR: [Hsi 55-1594] C
17:01:00 ERROR : (XSDB Server)ore dmaps of version 2
17:01:00 ERROR : (XSDB Server).4 not found
17:01:00 ERROR : (XSDB Server) 
17:01:00 ERROR : (XSDB Server)i
17:01:00 ERROR : (XSDB Server)n
17:01:00 ERROR : (XSDB Server) 
17:01:00 ERROR : (XSDB Server)r
17:01:00 ERROR : (XSDB Server)e
17:01:00 ERROR : (XSDB Server)p
17:01:00 ERROR : (XSDB Server)o
17:01:00 ERROR : (XSDB Server)s
17:01:00 ERROR : (XSDB Server)i
17:01:00 ERROR : (XSDB Server)t
17:01:00 ERROR : (XSDB Server)o
17:01:00 ERROR : (XSDB Server)r
17:01:00 ERROR : (XSDB Server)i
17:01:00 ERROR : (XSDB Server)es

17:01:00 ERROR : (XSDB Server)ERROR: [Hsi 
17:01:00 ERROR : (XSDB Server)55-1594] Core dmaps of version 2.4 not found in repositories

17:01:00 ERROR : (XSDB Server)E
17:01:00 ERROR : (XSDB Server)RROR: [Hsi 5
17:01:00 ERROR : (XSDB Server)5-1594] Core emacps of
17:01:00 ERROR : (XSDB Server) version 3.8 n
17:01:00 ERROR : (XSDB Server)ot found 
17:01:00 ERROR : (XSDB Server)in repos
17:01:00 ERROR : (XSDB Server)itories

17:01:00 ERROR : (XSDB Server)ERROR: [
17:01:00 ERROR : (XSDB Server)Hsi 55-1
17:01:00 ERROR : (XSDB Server)594] Core gpio
17:01:00 ERROR : (XSDB Server)ps of v
17:01:00 ERROR : (XSDB Server)ersion 3.4
17:01:00 ERROR : (XSDB Server) not found in rep
17:01:00 ERROR : (XSDB Server)o
17:01:00 ERROR : (XSDB Server)sitories

17:01:00 ERROR : (XSDB Server)ERROR: [Hsi 55-15
17:01:00 ERROR : (XSDB Server)94] Core qspips of version 3.5 not found i
17:01:00 ERROR : (XSDB Server)n repositori
17:01:00 ERROR : (XSDB Server)es

17:01:00 ERROR : (XSDB Server)ERROR: [Hsi 55-159
17:01:00 ERROR : (XSDB Server)4] Core scugic 
17:01:00 ERROR : (XSDB Server)o
17:01:00 ERROR : (XSDB Server)f
17:01:00 ERROR : (XSDB Server) 
17:01:00 ERROR : (XSDB Server)v
17:01:00 ERROR : (XSDB Server)e
17:01:00 ERROR : (XSDB Server)r
17:01:00 ERROR : (XSDB Server)s
17:01:00 ERROR : (XSDB Server)ion 3.10
17:01:00 ERROR : (XSDB Server) 
17:01:00 ERROR : (XSDB Server)not found i
17:01:00 ERROR : (XSDB Server)n repositories

17:01:00 ERROR : (XSDB Server)E
17:01:00 ERROR : (XSDB Server)R
17:01:00 ERROR : (XSDB Server)R
17:01:00 ERROR : (XSDB Server)O
17:01:00 ERROR : (XSDB Server)R
17:01:00 ERROR : (XSDB Server):
17:01:00 ERROR : (XSDB Server) 
17:01:00 ERROR : (XSDB Server)[
17:01:00 ERROR : (XSDB Server)H
17:01:00 ERROR : (XSDB Server)s
17:01:00 ERROR : (XSDB Server)i 55-1594] Core sdps of version 3.6 not fou
17:01:00 ERROR : (XSDB Server)nd in repositories

17:01:00 ERROR : (XSDB Server)ERROR: [Hsi 55-1594] Core uartps of version 3.7 not found in repositories

17:01:00 ERROR : (XSDB Server)ERROR: [Hsi 55-1594
17:01:00 ERROR : (XSDB Server)] Core xadcps o
17:01:00 ERROR : (XSDB Server)f version 2.3 
17:01:00 ERROR : (XSDB Server)not found 
17:01:00 ERROR : (XSDB Server)in reposi
17:01:00 ERROR : (XSDB Server)tories
17:01:00 ERROR : (XSDB Server)

17:01:00 ERROR : (XSDB Server)E
17:01:00 ERROR : (XSDB Server)R
17:01:00 ERROR : (XSDB Server)ROR: [Hsi 55-1594] Core standalone of version 6.8 not found in repositories

17:01:00 ERROR : (XSDB Server)ERROR: [Hsi 55-1452] Error: running open_sw_design.

17:01:00 ERROR : Failed to closesw "F:/C_plus_prj/yolo3_sdk/YOLOv3_xilinx_SDK/yolov2_coco_bsp/system.mss"
Reason: Cannot close sw design 'F:/C_plus_prj/yolo3_sdk/YOLOv3_xilinx_SDK/yolov2_coco_bsp/system.mss'.
Design is not opened in the current session.


